<?xml version="1.0" encoding="UTF-8"?>
<!-- Generated by org.testng.reporters.JUnitXMLReporter -->
<testsuite ignored="3" hostname="DESKTOP-UCD2CKU" failures="0" tests="1" name="Default test" time="15.305" errors="0" timestamp="2024-11-06T08:42:33 EET">
  <testcase classname="MyTestCases" name="StaticDropDown" time="2.229"/>
  <testcase classname="MyTestCases" name="CheckRadioButton" time="0.0">
    <ignored/>
  </testcase> <!-- CheckRadioButton -->
  <testcase classname="MyTestCases" name="DynamicDropDown" time="0.0">
    <ignored/>
  </testcase> <!-- DynamicDropDown -->
  <testcase classname="MyTestCases" name="CheckHoverButton" time="0.0">
    <ignored/>
  </testcase> <!-- CheckHoverButton -->
</testsuite> <!-- Default test -->
