<?xml version="1.0" encoding="UTF-8"?>
<testng-results ignored="3" total="4" passed="1" failed="0" skipped="0">
  <reporter-output>
  </reporter-output>
  <suite started-at="2024-11-06T08:42:17 EET" name="Default suite" finished-at="2024-11-06T08:42:33 EET" duration-ms="15305">
    <groups>
    </groups>
    <test started-at="2024-11-06T08:42:17 EET" name="Default test" finished-at="2024-11-06T08:42:33 EET" duration-ms="15305">
      <class name="MyTestCases">
        <test-method is-config="true" signature="mySetup()[pri:0, instance:MyTestCases@2e8e8225]" started-at="2024-11-06T08:42:17 EET" name="mySetup" finished-at="2024-11-06T08:42:30 EET" duration-ms="13023" status="PASS">
          <reporter-output>
          </reporter-output>
        </test-method> <!-- mySetup -->
        <test-method signature="StaticDropDown()[pri:2, instance:MyTestCases@2e8e8225]" started-at="2024-11-06T08:42:31 EET" name="StaticDropDown" finished-at="2024-11-06T08:42:33 EET" duration-ms="2229" status="PASS">
          <reporter-output>
          </reporter-output>
        </test-method> <!-- StaticDropDown -->
      </class> <!-- MyTestCases -->
    </test> <!-- Default test -->
  </suite> <!-- Default suite -->
</testng-results>
